<?xml version="1.0" encoding="UTF-8"?>
<testsuite xmlns:xsi="http://www.w3.org/2001/XMLSchema-instance" xsi:noNamespaceSchemaLocation="https://maven.apache.org/surefire/maven-surefire-plugin/xsd/surefire-test-report-3.0.xsd" version="3.0" name="com.example.myproject.MainTest" time="7.827" tests="6" errors="0" skipped="0" failures="0">
  <properties>
    <property name="java.specification.version" value="17"/>
    <property name="jersey.config.allowSystemPropertiesProvider" value="true"/>
    <property name="sun.jnu.encoding" value="UTF-8"/>
    <property name="java.class.path" value="/Users/hiromitakahashi/Downloads/helidon.sample.starter/target/test-classes:/Users/hiromitakahashi/Downloads/helidon.sample.starter/target/classes:/Users/hiromitakahashi/.m2/repository/io/helidon/microprofile/bundles/helidon-microprofile-core/3.0.0/helidon-microprofile-core-3.0.0.jar:/Users/hiromitakahashi/.m2/repository/io/helidon/microprofile/server/helidon-microprofile-server/3.0.0/helidon-microprofile-server-3.0.0.jar:/Users/hiromitakahashi/.m2/repository/io/helidon/microprofile/cdi/helidon-microprofile-cdi/3.0.0/helidon-microprofile-cdi-3.0.0.jar:/Users/hiromitakahashi/.m2/repository/io/helidon/microprofile/weld/weld-se-core/3.0.0/weld-se-core-3.0.0.jar:/Users/hiromitakahashi/.m2/repository/io/helidon/microprofile/weld/weld-core-impl/3.0.0/weld-core-impl-3.0.0.jar:/Users/hiromitakahashi/.m2/repository/org/jboss/weld/environment/weld-environment-common/4.0.2.Final/weld-environment-common-4.0.2.Final.jar:/Users/hiromitakahashi/.m2/repository/org/jboss/classfilewriter/jboss-classfilewriter/1.2.5.Final/jboss-classfilewriter-1.2.5.Final.jar:/Users/hiromitakahashi/.m2/repository/io/helidon/webserver/helidon-webserver/3.0.0/helidon-webserver-3.0.0.jar:/Users/hiromitakahashi/.m2/repository/io/helidon/common/helidon-common-reactive/3.0.0/helidon-common-reactive-3.0.0.jar:/Users/hiromitakahashi/.m2/repository/io/helidon/common/helidon-common-mapper/3.0.0/helidon-common-mapper-3.0.0.jar:/Users/hiromitakahashi/.m2/repository/io/helidon/media/helidon-media-common/3.0.0/helidon-media-common-3.0.0.jar:/Users/hiromitakahashi/.m2/repository/io/helidon/common/helidon-common-key-util/3.0.0/helidon-common-key-util-3.0.0.jar:/Users/hiromitakahashi/.m2/repository/io/helidon/logging/helidon-logging-common/3.0.0/helidon-logging-common-3.0.0.jar:/Users/hiromitakahashi/.m2/repository/io/helidon/tracing/helidon-tracing/3.0.0/helidon-tracing-3.0.0.jar:/Users/hiromitakahashi/.m2/repository/io/helidon/tracing/helidon-tracing-config/3.0.0/helidon-tracing-config-3.0.0.jar:/Users/hiromitakahashi/.m2/repository/io/netty/netty-codec-http/4.1.77.Final/netty-codec-http-4.1.77.Final.jar:/Users/hiromitakahashi/.m2/repository/io/netty/netty-common/4.1.77.Final/netty-common-4.1.77.Final.jar:/Users/hiromitakahashi/.m2/repository/io/netty/netty-transport/4.1.77.Final/netty-transport-4.1.77.Final.jar:/Users/hiromitakahashi/.m2/repository/io/netty/netty-codec/4.1.77.Final/netty-codec-4.1.77.Final.jar:/Users/hiromitakahashi/.m2/repository/io/netty/netty-handler/4.1.77.Final/netty-handler-4.1.77.Final.jar:/Users/hiromitakahashi/.m2/repository/io/netty/netty-resolver/4.1.77.Final/netty-resolver-4.1.77.Final.jar:/Users/hiromitakahashi/.m2/repository/io/helidon/webserver/helidon-webserver-static-content/3.0.0/helidon-webserver-static-content-3.0.0.jar:/Users/hiromitakahashi/.m2/repository/io/helidon/common/helidon-common-media-type/3.0.0/helidon-common-media-type-3.0.0.jar:/Users/hiromitakahashi/.m2/repository/io/helidon/webserver/helidon-webserver-jersey/3.0.0/helidon-webserver-jersey-3.0.0.jar:/Users/hiromitakahashi/.m2/repository/io/helidon/jersey/helidon-jersey-server/3.0.0/helidon-jersey-server-3.0.0.jar:/Users/hiromitakahashi/.m2/repository/org/glassfish/jersey/core/jersey-server/3.0.5/jersey-server-3.0.5.jar:/Users/hiromitakahashi/.m2/repository/io/netty/netty-buffer/4.1.77.Final/netty-buffer-4.1.77.Final.jar:/Users/hiromitakahashi/.m2/repository/io/helidon/media/helidon-media-jsonp/3.0.0/helidon-media-jsonp-3.0.0.jar:/Users/hiromitakahashi/.m2/repository/io/helidon/config/helidon-config-yaml/3.0.0/helidon-config-yaml-3.0.0.jar:/Users/hiromitakahashi/.m2/repository/org/yaml/snakeyaml/1.30/snakeyaml-1.30.jar:/Users/hiromitakahashi/.m2/repository/org/glassfish/jersey/ext/cdi/jersey-weld2-se/3.0.5/jersey-weld2-se-3.0.5.jar:/Users/hiromitakahashi/.m2/repository/org/glassfish/jersey/ext/cdi/jersey-cdi1x/3.0.5/jersey-cdi1x-3.0.5.jar:/Users/hiromitakahashi/.m2/repository/io/helidon/jersey/helidon-jersey-media-jsonp/3.0.0/helidon-jersey-media-jsonp-3.0.0.jar:/Users/hiromitakahashi/.m2/repository/org/glassfish/jersey/media/jersey-media-json-processing/3.0.5/jersey-media-json-processing-3.0.5.jar:/Users/hiromitakahashi/.m2/repository/org/eclipse/parsson/parsson-media/1.0.2/parsson-media-1.0.2.jar:/Users/hiromitakahashi/.m2/repository/io/helidon/microprofile/config/helidon-microprofile-config/3.0.0/helidon-microprofile-config-3.0.0.jar:/Users/hiromitakahashi/.m2/repository/io/helidon/config/helidon-config-mp/3.0.0/helidon-config-mp-3.0.0.jar:/Users/hiromitakahashi/.m2/repository/io/helidon/config/helidon-config-encryption/3.0.0/helidon-config-encryption-3.0.0.jar:/Users/hiromitakahashi/.m2/repository/io/helidon/common/helidon-common-crypto/3.0.0/helidon-common-crypto-3.0.0.jar:/Users/hiromitakahashi/.m2/repository/io/helidon/config/helidon-config-object-mapping/3.0.0/helidon-config-object-mapping-3.0.0.jar:/Users/hiromitakahashi/.m2/repository/org/eclipse/microprofile/metrics/microprofile-metrics-api/4.0/microprofile-metrics-api-4.0.jar:/Users/hiromitakahashi/.m2/repository/io/helidon/microprofile/metrics/helidon-microprofile-metrics/3.0.0/helidon-microprofile-metrics-3.0.0.jar:/Users/hiromitakahashi/.m2/repository/io/helidon/service-common/helidon-service-common-rest-cdi/3.0.0/helidon-service-common-rest-cdi-3.0.0.jar:/Users/hiromitakahashi/.m2/repository/io/helidon/service-common/helidon-service-common-rest/3.0.0/helidon-service-common-rest-3.0.0.jar:/Users/hiromitakahashi/.m2/repository/io/helidon/metrics/helidon-metrics-api/3.0.0/helidon-metrics-api-3.0.0.jar:/Users/hiromitakahashi/.m2/repository/io/helidon/common/helidon-common-http/3.0.0/helidon-common-http-3.0.0.jar:/Users/hiromitakahashi/.m2/repository/io/helidon/config/helidon-config/3.0.0/helidon-config-3.0.0.jar:/Users/hiromitakahashi/.m2/repository/io/helidon/config/helidon-config-metadata/3.0.0/helidon-config-metadata-3.0.0.jar:/Users/hiromitakahashi/.m2/repository/io/helidon/metrics/helidon-metrics-service-api/3.0.0/helidon-metrics-service-api-3.0.0.jar:/Users/hiromitakahashi/.m2/repository/io/helidon/common/helidon-common-service-loader/3.0.0/helidon-common-service-loader-3.0.0.jar:/Users/hiromitakahashi/.m2/repository/io/helidon/metrics/helidon-metrics/3.0.0/helidon-metrics-3.0.0.jar:/Users/hiromitakahashi/.m2/repository/io/helidon/common/helidon-common-configurable/3.0.0/helidon-common-configurable-3.0.0.jar:/Users/hiromitakahashi/.m2/repository/io/helidon/webserver/helidon-webserver-cors/3.0.0/helidon-webserver-cors-3.0.0.jar:/Users/hiromitakahashi/.m2/repository/io/helidon/microprofile/health/helidon-microprofile-health/3.0.0/helidon-microprofile-health-3.0.0.jar:/Users/hiromitakahashi/.m2/repository/io/helidon/health/helidon-health/3.0.0/helidon-health-3.0.0.jar:/Users/hiromitakahashi/.m2/repository/io/helidon/fault-tolerance/helidon-fault-tolerance/3.0.0/helidon-fault-tolerance-3.0.0.jar:/Users/hiromitakahashi/.m2/repository/org/eclipse/microprofile/config/microprofile-config-api/3.0.1/microprofile-config-api-3.0.1.jar:/Users/hiromitakahashi/.m2/repository/org/eclipse/microprofile/health/microprofile-health-api/4.0/microprofile-health-api-4.0.jar:/Users/hiromitakahashi/.m2/repository/io/helidon/health/helidon-health-common/3.0.0/helidon-health-common-3.0.0.jar:/Users/hiromitakahashi/.m2/repository/jakarta/json/bind/jakarta.json.bind-api/2.0.0/jakarta.json.bind-api-2.0.0.jar:/Users/hiromitakahashi/.m2/repository/org/glassfish/jersey/media/jersey-media-json-binding/3.0.5/jersey-media-json-binding-3.0.5.jar:/Users/hiromitakahashi/.m2/repository/org/glassfish/jersey/core/jersey-common/3.0.5/jersey-common-3.0.5.jar:/Users/hiromitakahashi/.m2/repository/org/glassfish/hk2/osgi-resource-locator/1.0.3/osgi-resource-locator-1.0.3.jar:/Users/hiromitakahashi/.m2/repository/jakarta/json/jakarta.json-api/2.0.1/jakarta.json-api-2.0.1.jar:/Users/hiromitakahashi/.m2/repository/org/eclipse/parsson/parsson/1.0.2/parsson-1.0.2.jar:/Users/hiromitakahashi/.m2/repository/org/eclipse/yasson/2.0.4/yasson-2.0.4.jar:/Users/hiromitakahashi/.m2/repository/org/glassfish/jakarta.json/2.0.0/jakarta.json-2.0.0-module.jar:/Users/hiromitakahashi/.m2/repository/io/helidon/integrations/cdi/helidon-integrations-cdi-hibernate/3.0.0/helidon-integrations-cdi-hibernate-3.0.0.jar:/Users/hiromitakahashi/.m2/repository/org/hibernate/orm/hibernate-core/6.1.1.Final/hibernate-core-6.1.1.Final.jar:/Users/hiromitakahashi/.m2/repository/org/hibernate/common/hibernate-commons-annotations/6.0.2.Final/hibernate-commons-annotations-6.0.2.Final.jar:/Users/hiromitakahashi/.m2/repository/net/bytebuddy/byte-buddy/1.11.20/byte-buddy-1.11.20.jar:/Users/hiromitakahashi/.m2/repository/org/glassfish/jaxb/jaxb-runtime/3.0.2/jaxb-runtime-3.0.2.jar:/Users/hiromitakahashi/.m2/repository/org/glassfish/jaxb/jaxb-core/3.0.2/jaxb-core-3.0.2.jar:/Users/hiromitakahashi/.m2/repository/org/glassfish/jaxb/txw2/3.0.2/txw2-3.0.2.jar:/Users/hiromitakahashi/.m2/repository/com/sun/istack/istack-commons-runtime/4.0.1/istack-commons-runtime-4.0.1.jar:/Users/hiromitakahashi/.m2/repository/org/antlr/antlr4-runtime/4.10/antlr4-runtime-4.10.jar:/Users/hiromitakahashi/.m2/repository/io/helidon/integrations/cdi/helidon-integrations-cdi-datasource-hikaricp/3.0.0/helidon-integrations-cdi-datasource-hikaricp-3.0.0.jar:/Users/hiromitakahashi/.m2/repository/io/helidon/integrations/cdi/helidon-integrations-cdi-datasource/3.0.0/helidon-integrations-cdi-datasource-3.0.0.jar:/Users/hiromitakahashi/.m2/repository/com/zaxxer/HikariCP/5.0.1/HikariCP-5.0.1.jar:/Users/hiromitakahashi/.m2/repository/org/slf4j/slf4j-api/1.7.32/slf4j-api-1.7.32.jar:/Users/hiromitakahashi/.m2/repository/jakarta/annotation/jakarta.annotation-api/2.0.0/jakarta.annotation-api-2.0.0.jar:/Users/hiromitakahashi/.m2/repository/jakarta/enterprise/jakarta.enterprise.cdi-api/3.0.0/jakarta.enterprise.cdi-api-3.0.0.jar:/Users/hiromitakahashi/.m2/repository/jakarta/el/jakarta.el-api/4.0.0/jakarta.el-api-4.0.0.jar:/Users/hiromitakahashi/.m2/repository/jakarta/interceptor/jakarta.interceptor-api/2.0.0/jakarta.interceptor-api-2.0.0.jar:/Users/hiromitakahashi/.m2/repository/jakarta/inject/jakarta.inject-api/2.0.0/jakarta.inject-api-2.0.0.jar:/Users/hiromitakahashi/.m2/repository/jakarta/ws/rs/jakarta.ws.rs-api/3.0.0/jakarta.ws.rs-api-3.0.0.jar:/Users/hiromitakahashi/.m2/repository/jakarta/persistence/jakarta.persistence-api/3.0.0/jakarta.persistence-api-3.0.0.jar:/Users/hiromitakahashi/.m2/repository/jakarta/transaction/jakarta.transaction-api/2.0.0/jakarta.transaction-api-2.0.0.jar:/Users/hiromitakahashi/.m2/repository/io/helidon/common/helidon-common/3.0.0/helidon-common-3.0.0.jar:/Users/hiromitakahashi/.m2/repository/jakarta/xml/bind/jakarta.xml.bind-api/3.0.1/jakarta.xml.bind-api-3.0.1.jar:/Users/hiromitakahashi/.m2/repository/com/sun/activation/jakarta.activation/2.0.1/jakarta.activation-2.0.1.jar:/Users/hiromitakahashi/.m2/repository/com/h2database/h2/2.1.212/h2-2.1.212.jar:/Users/hiromitakahashi/.m2/repository/io/helidon/integrations/cdi/helidon-integrations-cdi-jta-weld/3.0.0/helidon-integrations-cdi-jta-weld-3.0.0.jar:/Users/hiromitakahashi/.m2/repository/io/helidon/integrations/cdi/helidon-integrations-cdi-jta/3.0.0/helidon-integrations-cdi-jta-3.0.0.jar:/Users/hiromitakahashi/.m2/repository/org/jboss/jboss-transaction-spi-jakarta/7.6.1.Final/jboss-transaction-spi-jakarta-7.6.1.Final.jar:/Users/hiromitakahashi/.m2/repository/org/jboss/weld/module/weld-jta/4.0.2.Final/weld-jta-4.0.2.Final.jar:/Users/hiromitakahashi/.m2/repository/org/jboss/weld/weld-api/4.0.SP1/weld-api-4.0.SP1.jar:/Users/hiromitakahashi/.m2/repository/org/jboss/narayana/jta/narayana-jta-jakarta/5.12.0.Final/narayana-jta-jakarta-5.12.0.Final.jar:/Users/hiromitakahashi/.m2/repository/jakarta/resource/jakarta.resource-api/2.0.0/jakarta.resource-api-2.0.0.jar:/Users/hiromitakahashi/.m2/repository/org/jboss/weld/weld-spi/4.0.SP1/weld-spi-4.0.SP1.jar:/Users/hiromitakahashi/.m2/repository/io/helidon/integrations/cdi/helidon-integrations-cdi-jpa/3.0.0/helidon-integrations-cdi-jpa-3.0.0.jar:/Users/hiromitakahashi/.m2/repository/io/helidon/integrations/cdi/helidon-integrations-cdi-delegates/3.0.0/helidon-integrations-cdi-delegates-3.0.0.jar:/Users/hiromitakahashi/.m2/repository/io/helidon/integrations/cdi/helidon-integrations-cdi-reference-counted-context/3.0.0/helidon-integrations-cdi-reference-counted-context-3.0.0.jar:/Users/hiromitakahashi/.m2/repository/io/helidon/integrations/jta/helidon-integrations-jta-jdbc/3.0.0/helidon-integrations-jta-jdbc-3.0.0.jar:/Users/hiromitakahashi/.m2/repository/io/helidon/integrations/jdbc/helidon-integrations-jdbc/3.0.0/helidon-integrations-jdbc-3.0.0.jar:/Users/hiromitakahashi/.m2/repository/com/sun/xml/bind/jaxb-impl/3.0.2/jaxb-impl-3.0.2.jar:/Users/hiromitakahashi/.m2/repository/com/sun/xml/bind/jaxb-core/3.0.2/jaxb-core-3.0.2.jar:/Users/hiromitakahashi/.m2/repository/org/hibernate/validator/hibernate-validator/7.0.2.Final/hibernate-validator-7.0.2.Final.jar:/Users/hiromitakahashi/.m2/repository/jakarta/validation/jakarta.validation-api/3.0.0/jakarta.validation-api-3.0.0.jar:/Users/hiromitakahashi/.m2/repository/org/jboss/logging/jboss-logging/3.4.2.Final/jboss-logging-3.4.2.Final.jar:/Users/hiromitakahashi/.m2/repository/com/fasterxml/classmate/1.5.1/classmate-1.5.1.jar:/Users/hiromitakahashi/.m2/repository/org/glassfish/jakarta.el/4.0.2/jakarta.el-4.0.2.jar:/Users/hiromitakahashi/.m2/repository/org/jboss/jandex/2.4.3.Final/jandex-2.4.3.Final.jar:/Users/hiromitakahashi/.m2/repository/jakarta/activation/jakarta.activation-api/2.0.1/jakarta.activation-api-2.0.1.jar:/Users/hiromitakahashi/.m2/repository/org/junit/jupiter/junit-jupiter-api/5.7.0/junit-jupiter-api-5.7.0.jar:/Users/hiromitakahashi/.m2/repository/org/apiguardian/apiguardian-api/1.1.0/apiguardian-api-1.1.0.jar:/Users/hiromitakahashi/.m2/repository/org/opentest4j/opentest4j/1.2.0/opentest4j-1.2.0.jar:/Users/hiromitakahashi/.m2/repository/org/junit/platform/junit-platform-commons/1.7.0/junit-platform-commons-1.7.0.jar:/Users/hiromitakahashi/.m2/repository/io/helidon/microprofile/tests/helidon-microprofile-tests-junit5/3.0.0/helidon-microprofile-tests-junit5-3.0.0.jar:/Users/hiromitakahashi/.m2/repository/io/helidon/jersey/helidon-jersey-client/3.0.0/helidon-jersey-client-3.0.0.jar:/Users/hiromitakahashi/.m2/repository/org/glassfish/jersey/core/jersey-client/3.0.5/jersey-client-3.0.5.jar:/Users/hiromitakahashi/.m2/repository/org/glassfish/jersey/inject/jersey-hk2/3.0.5/jersey-hk2-3.0.5.jar:/Users/hiromitakahashi/.m2/repository/org/glassfish/hk2/hk2-locator/3.0.3/hk2-locator-3.0.3.jar:/Users/hiromitakahashi/.m2/repository/org/glassfish/hk2/external/aopalliance-repackaged/3.0.3/aopalliance-repackaged-3.0.3.jar:/Users/hiromitakahashi/.m2/repository/org/glassfish/hk2/hk2-api/3.0.3/hk2-api-3.0.3.jar:/Users/hiromitakahashi/.m2/repository/org/glassfish/hk2/hk2-utils/3.0.3/hk2-utils-3.0.3.jar:/Users/hiromitakahashi/.m2/repository/org/javassist/javassist/3.28.0-GA/javassist-3.28.0-GA.jar:/Users/hiromitakahashi/.m2/repository/io/helidon/common/helidon-common-context/3.0.0/helidon-common-context-3.0.0.jar:/Users/hiromitakahashi/.m2/repository/io/helidon/config/helidon-config-yaml-mp/3.0.0/helidon-config-yaml-mp-3.0.0.jar:/Users/hiromitakahashi/.m2/repository/org/hamcrest/hamcrest-all/1.3/hamcrest-all-1.3.jar:"/>
    <property name="java.vm.vendor" value="Amazon.com Inc."/>
    <property name="sun.arch.data.model" value="64"/>
    <property name="java.vendor.url" value="https://aws.amazon.com/corretto/"/>
    <property name="user.timezone" value="Asia/Tokyo"/>
    <property name="os.name" value="Mac OS X"/>
    <property name="java.vm.specification.version" value="17"/>
    <property name="sun.java.launcher" value="SUN_STANDARD"/>
    <property name="user.country" value="JP"/>
    <property name="sun.boot.library.path" value="/Users/hiromitakahashi/.sdkman/candidates/java/17.0.0.35.2-amzn/lib"/>
    <property name="sun.java.command" value="/Users/hiromitakahashi/Downloads/helidon.sample.starter/target/surefire/surefirebooter8742792305855067396.jar /Users/hiromitakahashi/Downloads/helidon.sample.starter/target/surefire 2022-07-28T23-01-28_780-jvmRun1 surefire12399095446970120331tmp surefire_013111293038285871541tmp"/>
    <property name="http.nonProxyHosts" value="local|*.local|169.254/16|*.169.254/16"/>
    <property name="jdk.debug" value="release"/>
    <property name="surefire.test.class.path" value="/Users/hiromitakahashi/Downloads/helidon.sample.starter/target/test-classes:/Users/hiromitakahashi/Downloads/helidon.sample.starter/target/classes:/Users/hiromitakahashi/.m2/repository/io/helidon/microprofile/bundles/helidon-microprofile-core/3.0.0/helidon-microprofile-core-3.0.0.jar:/Users/hiromitakahashi/.m2/repository/io/helidon/microprofile/server/helidon-microprofile-server/3.0.0/helidon-microprofile-server-3.0.0.jar:/Users/hiromitakahashi/.m2/repository/io/helidon/microprofile/cdi/helidon-microprofile-cdi/3.0.0/helidon-microprofile-cdi-3.0.0.jar:/Users/hiromitakahashi/.m2/repository/io/helidon/microprofile/weld/weld-se-core/3.0.0/weld-se-core-3.0.0.jar:/Users/hiromitakahashi/.m2/repository/io/helidon/microprofile/weld/weld-core-impl/3.0.0/weld-core-impl-3.0.0.jar:/Users/hiromitakahashi/.m2/repository/org/jboss/weld/environment/weld-environment-common/4.0.2.Final/weld-environment-common-4.0.2.Final.jar:/Users/hiromitakahashi/.m2/repository/org/jboss/classfilewriter/jboss-classfilewriter/1.2.5.Final/jboss-classfilewriter-1.2.5.Final.jar:/Users/hiromitakahashi/.m2/repository/io/helidon/webserver/helidon-webserver/3.0.0/helidon-webserver-3.0.0.jar:/Users/hiromitakahashi/.m2/repository/io/helidon/common/helidon-common-reactive/3.0.0/helidon-common-reactive-3.0.0.jar:/Users/hiromitakahashi/.m2/repository/io/helidon/common/helidon-common-mapper/3.0.0/helidon-common-mapper-3.0.0.jar:/Users/hiromitakahashi/.m2/repository/io/helidon/media/helidon-media-common/3.0.0/helidon-media-common-3.0.0.jar:/Users/hiromitakahashi/.m2/repository/io/helidon/common/helidon-common-key-util/3.0.0/helidon-common-key-util-3.0.0.jar:/Users/hiromitakahashi/.m2/repository/io/helidon/logging/helidon-logging-common/3.0.0/helidon-logging-common-3.0.0.jar:/Users/hiromitakahashi/.m2/repository/io/helidon/tracing/helidon-tracing/3.0.0/helidon-tracing-3.0.0.jar:/Users/hiromitakahashi/.m2/repository/io/helidon/tracing/helidon-tracing-config/3.0.0/helidon-tracing-config-3.0.0.jar:/Users/hiromitakahashi/.m2/repository/io/netty/netty-codec-http/4.1.77.Final/netty-codec-http-4.1.77.Final.jar:/Users/hiromitakahashi/.m2/repository/io/netty/netty-common/4.1.77.Final/netty-common-4.1.77.Final.jar:/Users/hiromitakahashi/.m2/repository/io/netty/netty-transport/4.1.77.Final/netty-transport-4.1.77.Final.jar:/Users/hiromitakahashi/.m2/repository/io/netty/netty-codec/4.1.77.Final/netty-codec-4.1.77.Final.jar:/Users/hiromitakahashi/.m2/repository/io/netty/netty-handler/4.1.77.Final/netty-handler-4.1.77.Final.jar:/Users/hiromitakahashi/.m2/repository/io/netty/netty-resolver/4.1.77.Final/netty-resolver-4.1.77.Final.jar:/Users/hiromitakahashi/.m2/repository/io/helidon/webserver/helidon-webserver-static-content/3.0.0/helidon-webserver-static-content-3.0.0.jar:/Users/hiromitakahashi/.m2/repository/io/helidon/common/helidon-common-media-type/3.0.0/helidon-common-media-type-3.0.0.jar:/Users/hiromitakahashi/.m2/repository/io/helidon/webserver/helidon-webserver-jersey/3.0.0/helidon-webserver-jersey-3.0.0.jar:/Users/hiromitakahashi/.m2/repository/io/helidon/jersey/helidon-jersey-server/3.0.0/helidon-jersey-server-3.0.0.jar:/Users/hiromitakahashi/.m2/repository/org/glassfish/jersey/core/jersey-server/3.0.5/jersey-server-3.0.5.jar:/Users/hiromitakahashi/.m2/repository/io/netty/netty-buffer/4.1.77.Final/netty-buffer-4.1.77.Final.jar:/Users/hiromitakahashi/.m2/repository/io/helidon/media/helidon-media-jsonp/3.0.0/helidon-media-jsonp-3.0.0.jar:/Users/hiromitakahashi/.m2/repository/io/helidon/config/helidon-config-yaml/3.0.0/helidon-config-yaml-3.0.0.jar:/Users/hiromitakahashi/.m2/repository/org/yaml/snakeyaml/1.30/snakeyaml-1.30.jar:/Users/hiromitakahashi/.m2/repository/org/glassfish/jersey/ext/cdi/jersey-weld2-se/3.0.5/jersey-weld2-se-3.0.5.jar:/Users/hiromitakahashi/.m2/repository/org/glassfish/jersey/ext/cdi/jersey-cdi1x/3.0.5/jersey-cdi1x-3.0.5.jar:/Users/hiromitakahashi/.m2/repository/io/helidon/jersey/helidon-jersey-media-jsonp/3.0.0/helidon-jersey-media-jsonp-3.0.0.jar:/Users/hiromitakahashi/.m2/repository/org/glassfish/jersey/media/jersey-media-json-processing/3.0.5/jersey-media-json-processing-3.0.5.jar:/Users/hiromitakahashi/.m2/repository/org/eclipse/parsson/parsson-media/1.0.2/parsson-media-1.0.2.jar:/Users/hiromitakahashi/.m2/repository/io/helidon/microprofile/config/helidon-microprofile-config/3.0.0/helidon-microprofile-config-3.0.0.jar:/Users/hiromitakahashi/.m2/repository/io/helidon/config/helidon-config-mp/3.0.0/helidon-config-mp-3.0.0.jar:/Users/hiromitakahashi/.m2/repository/io/helidon/config/helidon-config-encryption/3.0.0/helidon-config-encryption-3.0.0.jar:/Users/hiromitakahashi/.m2/repository/io/helidon/common/helidon-common-crypto/3.0.0/helidon-common-crypto-3.0.0.jar:/Users/hiromitakahashi/.m2/repository/io/helidon/config/helidon-config-object-mapping/3.0.0/helidon-config-object-mapping-3.0.0.jar:/Users/hiromitakahashi/.m2/repository/org/eclipse/microprofile/metrics/microprofile-metrics-api/4.0/microprofile-metrics-api-4.0.jar:/Users/hiromitakahashi/.m2/repository/io/helidon/microprofile/metrics/helidon-microprofile-metrics/3.0.0/helidon-microprofile-metrics-3.0.0.jar:/Users/hiromitakahashi/.m2/repository/io/helidon/service-common/helidon-service-common-rest-cdi/3.0.0/helidon-service-common-rest-cdi-3.0.0.jar:/Users/hiromitakahashi/.m2/repository/io/helidon/service-common/helidon-service-common-rest/3.0.0/helidon-service-common-rest-3.0.0.jar:/Users/hiromitakahashi/.m2/repository/io/helidon/metrics/helidon-metrics-api/3.0.0/helidon-metrics-api-3.0.0.jar:/Users/hiromitakahashi/.m2/repository/io/helidon/common/helidon-common-http/3.0.0/helidon-common-http-3.0.0.jar:/Users/hiromitakahashi/.m2/repository/io/helidon/config/helidon-config/3.0.0/helidon-config-3.0.0.jar:/Users/hiromitakahashi/.m2/repository/io/helidon/config/helidon-config-metadata/3.0.0/helidon-config-metadata-3.0.0.jar:/Users/hiromitakahashi/.m2/repository/io/helidon/metrics/helidon-metrics-service-api/3.0.0/helidon-metrics-service-api-3.0.0.jar:/Users/hiromitakahashi/.m2/repository/io/helidon/common/helidon-common-service-loader/3.0.0/helidon-common-service-loader-3.0.0.jar:/Users/hiromitakahashi/.m2/repository/io/helidon/metrics/helidon-metrics/3.0.0/helidon-metrics-3.0.0.jar:/Users/hiromitakahashi/.m2/repository/io/helidon/common/helidon-common-configurable/3.0.0/helidon-common-configurable-3.0.0.jar:/Users/hiromitakahashi/.m2/repository/io/helidon/webserver/helidon-webserver-cors/3.0.0/helidon-webserver-cors-3.0.0.jar:/Users/hiromitakahashi/.m2/repository/io/helidon/microprofile/health/helidon-microprofile-health/3.0.0/helidon-microprofile-health-3.0.0.jar:/Users/hiromitakahashi/.m2/repository/io/helidon/health/helidon-health/3.0.0/helidon-health-3.0.0.jar:/Users/hiromitakahashi/.m2/repository/io/helidon/fault-tolerance/helidon-fault-tolerance/3.0.0/helidon-fault-tolerance-3.0.0.jar:/Users/hiromitakahashi/.m2/repository/org/eclipse/microprofile/config/microprofile-config-api/3.0.1/microprofile-config-api-3.0.1.jar:/Users/hiromitakahashi/.m2/repository/org/eclipse/microprofile/health/microprofile-health-api/4.0/microprofile-health-api-4.0.jar:/Users/hiromitakahashi/.m2/repository/io/helidon/health/helidon-health-common/3.0.0/helidon-health-common-3.0.0.jar:/Users/hiromitakahashi/.m2/repository/jakarta/json/bind/jakarta.json.bind-api/2.0.0/jakarta.json.bind-api-2.0.0.jar:/Users/hiromitakahashi/.m2/repository/org/glassfish/jersey/media/jersey-media-json-binding/3.0.5/jersey-media-json-binding-3.0.5.jar:/Users/hiromitakahashi/.m2/repository/org/glassfish/jersey/core/jersey-common/3.0.5/jersey-common-3.0.5.jar:/Users/hiromitakahashi/.m2/repository/org/glassfish/hk2/osgi-resource-locator/1.0.3/osgi-resource-locator-1.0.3.jar:/Users/hiromitakahashi/.m2/repository/jakarta/json/jakarta.json-api/2.0.1/jakarta.json-api-2.0.1.jar:/Users/hiromitakahashi/.m2/repository/org/eclipse/parsson/parsson/1.0.2/parsson-1.0.2.jar:/Users/hiromitakahashi/.m2/repository/org/eclipse/yasson/2.0.4/yasson-2.0.4.jar:/Users/hiromitakahashi/.m2/repository/org/glassfish/jakarta.json/2.0.0/jakarta.json-2.0.0-module.jar:/Users/hiromitakahashi/.m2/repository/io/helidon/integrations/cdi/helidon-integrations-cdi-hibernate/3.0.0/helidon-integrations-cdi-hibernate-3.0.0.jar:/Users/hiromitakahashi/.m2/repository/org/hibernate/orm/hibernate-core/6.1.1.Final/hibernate-core-6.1.1.Final.jar:/Users/hiromitakahashi/.m2/repository/org/hibernate/common/hibernate-commons-annotations/6.0.2.Final/hibernate-commons-annotations-6.0.2.Final.jar:/Users/hiromitakahashi/.m2/repository/net/bytebuddy/byte-buddy/1.11.20/byte-buddy-1.11.20.jar:/Users/hiromitakahashi/.m2/repository/org/glassfish/jaxb/jaxb-runtime/3.0.2/jaxb-runtime-3.0.2.jar:/Users/hiromitakahashi/.m2/repository/org/glassfish/jaxb/jaxb-core/3.0.2/jaxb-core-3.0.2.jar:/Users/hiromitakahashi/.m2/repository/org/glassfish/jaxb/txw2/3.0.2/txw2-3.0.2.jar:/Users/hiromitakahashi/.m2/repository/com/sun/istack/istack-commons-runtime/4.0.1/istack-commons-runtime-4.0.1.jar:/Users/hiromitakahashi/.m2/repository/org/antlr/antlr4-runtime/4.10/antlr4-runtime-4.10.jar:/Users/hiromitakahashi/.m2/repository/io/helidon/integrations/cdi/helidon-integrations-cdi-datasource-hikaricp/3.0.0/helidon-integrations-cdi-datasource-hikaricp-3.0.0.jar:/Users/hiromitakahashi/.m2/repository/io/helidon/integrations/cdi/helidon-integrations-cdi-datasource/3.0.0/helidon-integrations-cdi-datasource-3.0.0.jar:/Users/hiromitakahashi/.m2/repository/com/zaxxer/HikariCP/5.0.1/HikariCP-5.0.1.jar:/Users/hiromitakahashi/.m2/repository/org/slf4j/slf4j-api/1.7.32/slf4j-api-1.7.32.jar:/Users/hiromitakahashi/.m2/repository/jakarta/annotation/jakarta.annotation-api/2.0.0/jakarta.annotation-api-2.0.0.jar:/Users/hiromitakahashi/.m2/repository/jakarta/enterprise/jakarta.enterprise.cdi-api/3.0.0/jakarta.enterprise.cdi-api-3.0.0.jar:/Users/hiromitakahashi/.m2/repository/jakarta/el/jakarta.el-api/4.0.0/jakarta.el-api-4.0.0.jar:/Users/hiromitakahashi/.m2/repository/jakarta/interceptor/jakarta.interceptor-api/2.0.0/jakarta.interceptor-api-2.0.0.jar:/Users/hiromitakahashi/.m2/repository/jakarta/inject/jakarta.inject-api/2.0.0/jakarta.inject-api-2.0.0.jar:/Users/hiromitakahashi/.m2/repository/jakarta/ws/rs/jakarta.ws.rs-api/3.0.0/jakarta.ws.rs-api-3.0.0.jar:/Users/hiromitakahashi/.m2/repository/jakarta/persistence/jakarta.persistence-api/3.0.0/jakarta.persistence-api-3.0.0.jar:/Users/hiromitakahashi/.m2/repository/jakarta/transaction/jakarta.transaction-api/2.0.0/jakarta.transaction-api-2.0.0.jar:/Users/hiromitakahashi/.m2/repository/io/helidon/common/helidon-common/3.0.0/helidon-common-3.0.0.jar:/Users/hiromitakahashi/.m2/repository/jakarta/xml/bind/jakarta.xml.bind-api/3.0.1/jakarta.xml.bind-api-3.0.1.jar:/Users/hiromitakahashi/.m2/repository/com/sun/activation/jakarta.activation/2.0.1/jakarta.activation-2.0.1.jar:/Users/hiromitakahashi/.m2/repository/com/h2database/h2/2.1.212/h2-2.1.212.jar:/Users/hiromitakahashi/.m2/repository/io/helidon/integrations/cdi/helidon-integrations-cdi-jta-weld/3.0.0/helidon-integrations-cdi-jta-weld-3.0.0.jar:/Users/hiromitakahashi/.m2/repository/io/helidon/integrations/cdi/helidon-integrations-cdi-jta/3.0.0/helidon-integrations-cdi-jta-3.0.0.jar:/Users/hiromitakahashi/.m2/repository/org/jboss/jboss-transaction-spi-jakarta/7.6.1.Final/jboss-transaction-spi-jakarta-7.6.1.Final.jar:/Users/hiromitakahashi/.m2/repository/org/jboss/weld/module/weld-jta/4.0.2.Final/weld-jta-4.0.2.Final.jar:/Users/hiromitakahashi/.m2/repository/org/jboss/weld/weld-api/4.0.SP1/weld-api-4.0.SP1.jar:/Users/hiromitakahashi/.m2/repository/org/jboss/narayana/jta/narayana-jta-jakarta/5.12.0.Final/narayana-jta-jakarta-5.12.0.Final.jar:/Users/hiromitakahashi/.m2/repository/jakarta/resource/jakarta.resource-api/2.0.0/jakarta.resource-api-2.0.0.jar:/Users/hiromitakahashi/.m2/repository/org/jboss/weld/weld-spi/4.0.SP1/weld-spi-4.0.SP1.jar:/Users/hiromitakahashi/.m2/repository/io/helidon/integrations/cdi/helidon-integrations-cdi-jpa/3.0.0/helidon-integrations-cdi-jpa-3.0.0.jar:/Users/hiromitakahashi/.m2/repository/io/helidon/integrations/cdi/helidon-integrations-cdi-delegates/3.0.0/helidon-integrations-cdi-delegates-3.0.0.jar:/Users/hiromitakahashi/.m2/repository/io/helidon/integrations/cdi/helidon-integrations-cdi-reference-counted-context/3.0.0/helidon-integrations-cdi-reference-counted-context-3.0.0.jar:/Users/hiromitakahashi/.m2/repository/io/helidon/integrations/jta/helidon-integrations-jta-jdbc/3.0.0/helidon-integrations-jta-jdbc-3.0.0.jar:/Users/hiromitakahashi/.m2/repository/io/helidon/integrations/jdbc/helidon-integrations-jdbc/3.0.0/helidon-integrations-jdbc-3.0.0.jar:/Users/hiromitakahashi/.m2/repository/com/sun/xml/bind/jaxb-impl/3.0.2/jaxb-impl-3.0.2.jar:/Users/hiromitakahashi/.m2/repository/com/sun/xml/bind/jaxb-core/3.0.2/jaxb-core-3.0.2.jar:/Users/hiromitakahashi/.m2/repository/org/hibernate/validator/hibernate-validator/7.0.2.Final/hibernate-validator-7.0.2.Final.jar:/Users/hiromitakahashi/.m2/repository/jakarta/validation/jakarta.validation-api/3.0.0/jakarta.validation-api-3.0.0.jar:/Users/hiromitakahashi/.m2/repository/org/jboss/logging/jboss-logging/3.4.2.Final/jboss-logging-3.4.2.Final.jar:/Users/hiromitakahashi/.m2/repository/com/fasterxml/classmate/1.5.1/classmate-1.5.1.jar:/Users/hiromitakahashi/.m2/repository/org/glassfish/jakarta.el/4.0.2/jakarta.el-4.0.2.jar:/Users/hiromitakahashi/.m2/repository/org/jboss/jandex/2.4.3.Final/jandex-2.4.3.Final.jar:/Users/hiromitakahashi/.m2/repository/jakarta/activation/jakarta.activation-api/2.0.1/jakarta.activation-api-2.0.1.jar:/Users/hiromitakahashi/.m2/repository/org/junit/jupiter/junit-jupiter-api/5.7.0/junit-jupiter-api-5.7.0.jar:/Users/hiromitakahashi/.m2/repository/org/apiguardian/apiguardian-api/1.1.0/apiguardian-api-1.1.0.jar:/Users/hiromitakahashi/.m2/repository/org/opentest4j/opentest4j/1.2.0/opentest4j-1.2.0.jar:/Users/hiromitakahashi/.m2/repository/org/junit/platform/junit-platform-commons/1.7.0/junit-platform-commons-1.7.0.jar:/Users/hiromitakahashi/.m2/repository/io/helidon/microprofile/tests/helidon-microprofile-tests-junit5/3.0.0/helidon-microprofile-tests-junit5-3.0.0.jar:/Users/hiromitakahashi/.m2/repository/io/helidon/jersey/helidon-jersey-client/3.0.0/helidon-jersey-client-3.0.0.jar:/Users/hiromitakahashi/.m2/repository/org/glassfish/jersey/core/jersey-client/3.0.5/jersey-client-3.0.5.jar:/Users/hiromitakahashi/.m2/repository/org/glassfish/jersey/inject/jersey-hk2/3.0.5/jersey-hk2-3.0.5.jar:/Users/hiromitakahashi/.m2/repository/org/glassfish/hk2/hk2-locator/3.0.3/hk2-locator-3.0.3.jar:/Users/hiromitakahashi/.m2/repository/org/glassfish/hk2/external/aopalliance-repackaged/3.0.3/aopalliance-repackaged-3.0.3.jar:/Users/hiromitakahashi/.m2/repository/org/glassfish/hk2/hk2-api/3.0.3/hk2-api-3.0.3.jar:/Users/hiromitakahashi/.m2/repository/org/glassfish/hk2/hk2-utils/3.0.3/hk2-utils-3.0.3.jar:/Users/hiromitakahashi/.m2/repository/org/javassist/javassist/3.28.0-GA/javassist-3.28.0-GA.jar:/Users/hiromitakahashi/.m2/repository/io/helidon/common/helidon-common-context/3.0.0/helidon-common-context-3.0.0.jar:/Users/hiromitakahashi/.m2/repository/io/helidon/config/helidon-config-yaml-mp/3.0.0/helidon-config-yaml-mp-3.0.0.jar:/Users/hiromitakahashi/.m2/repository/org/hamcrest/hamcrest-all/1.3/hamcrest-all-1.3.jar:"/>
    <property name="sun.cpu.endian" value="little"/>
    <property name="user.home" value="/Users/hiromitakahashi"/>
    <property name="user.language" value="ja"/>
    <property name="java.specification.vendor" value="Oracle Corporation"/>
    <property name="io.netty.allocator.maxOrder" value="6"/>
    <property name="java.version.date" value="2021-09-14"/>
    <property name="java.home" value="/Users/hiromitakahashi/.sdkman/candidates/java/17.0.0.35.2-amzn"/>
    <property name="file.separator" value="/"/>
    <property name="basedir" value="/Users/hiromitakahashi/Downloads/helidon.sample.starter"/>
    <property name="java.vm.compressedOopsMode" value="Zero based"/>
    <property name="line.separator" value="&#10;"/>
    <property name="java.vm.specification.vendor" value="Oracle Corporation"/>
    <property name="java.specification.name" value="Java Platform API Specification"/>
    <property name="surefire.real.class.path" value="/Users/hiromitakahashi/Downloads/helidon.sample.starter/target/surefire/surefirebooter8742792305855067396.jar"/>
    <property name="java.util.logging.config.file" value="/Users/hiromitakahashi/Downloads/helidon.sample.starter/target/classes/logging.properties"/>
    <property name="sun.management.compiler" value="HotSpot 64-Bit Tiered Compilers"/>
    <property name="ftp.nonProxyHosts" value="local|*.local|169.254/16|*.169.254/16"/>
    <property name="java.runtime.version" value="17+35-LTS"/>
    <property name="user.name" value="hiromitakahashi"/>
    <property name="path.separator" value=":"/>
    <property name="os.version" value="12.4"/>
    <property name="java.runtime.name" value="OpenJDK Runtime Environment"/>
    <property name="file.encoding" value="UTF-8"/>
    <property name="java.vm.name" value="OpenJDK 64-Bit Server VM"/>
    <property name="java.vendor.version" value="Corretto-17.0.0.35.2"/>
    <property name="localRepository" value="/Users/hiromitakahashi/.m2/repository"/>
    <property name="jersey.config.client.ignoreExceptionResponse" value="true"/>
    <property name="java.vendor.url.bug" value="https://github.com/corretto/corretto-17/issues/"/>
    <property name="java.io.tmpdir" value="/var/folders/1m/v_pnk3kd3hj0558d1z3nsnzh0000gn/T/"/>
    <property name="java.version" value="17"/>
    <property name="user.dir" value="/Users/hiromitakahashi/Downloads/helidon.sample.starter"/>
    <property name="os.arch" value="x86_64"/>
    <property name="java.vm.specification.name" value="Java Virtual Machine Specification"/>
    <property name="native.encoding" value="UTF-8"/>
    <property name="java.library.path" value="/Users/hiromitakahashi/Library/Java/Extensions:/Library/Java/Extensions:/Network/Library/Java/Extensions:/System/Library/Java/Extensions:/usr/lib/java:."/>
    <property name="java.vm.info" value="mixed mode, sharing"/>
    <property name="java.vendor" value="Amazon.com Inc."/>
    <property name="java.vm.version" value="17+35-LTS"/>
    <property name="sun.io.unicode.encoding" value="UnicodeBig"/>
    <property name="socksNonProxyHosts" value="local|*.local|169.254/16|*.169.254/16"/>
    <property name="java.class.version" value="61.0"/>
  </properties>
  <testcase name="testGreet" classname="com.example.myproject.MainTest" time="0.592">
    <system-out><![CDATA[2022.07.28 23:01:33 情報 io.helidon.common.LogConfig Thread[main,5,main]: Logging at initialization configured using /Users/hiromitakahashi/Downloads/helidon.sample.starter/target/classes/logging.properties
2022.07.28 23:01:33 INFO org.hibernate.jpa.internal.util.LogHelper Thread[main,5,main]: HHH000204: Processing PersistenceUnitInfo [name: pu1]
2022.07.28 23:01:33 INFO org.hibernate.Version Thread[main,5,main]: HHH000412: Hibernate ORM core version 6.1.1.Final
2022.07.28 23:01:33 INFO org.hibernate.cfg.Environment Thread[main,5,main]: HHH000205: Loaded properties from resource hibernate.properties: {hibernate.bytecode.use_reflection_optimizer=false, hibernate.bytecode.provider=none}
2022.07.28 23:01:33 WARN org.hibernate.orm.deprecation Thread[main,5,main]: HHH90000021: Encountered deprecated setting [javax.persistence.sharedCache.mode], use [jakarta.persistence.sharedCache.mode] instead
2022.07.28 23:01:34 INFO SQL dialect Thread[main,5,main]: HHH000400: Using dialect: org.hibernate.dialect.H2Dialect
2022.07.28 23:01:34 INFO org.hibernate.engine.transaction.jta.platform.internal.JtaPlatformInitiator Thread[main,5,main]: HHH000490: Using JtaPlatform implementation: [io.helidon.integrations.cdi.hibernate.CDISEJtaPlatform$Proxy$_$$_WeldClientProxy]
2022.07.28 23:01:34 INFO org.hibernate.validator.internal.util.Version Thread[main,5,main]: HV000001: Hibernate Validator 7.0.2.Final
2022.07.28 23:01:36 INFO org.hibernate.tool.schema.internal.SchemaCreatorImpl Thread[main,5,main]: HHH000476: Executing import script 'file:/Users/hiromitakahashi/Downloads/helidon.sample.starter/target/classes/META-INF/init_script.sql'
2022.07.28 23:01:36 情報 io.helidon.microprofile.server.ServerCdiExtension Thread[main,5,main]: Registering JAX-RS Application: HelidonMP
2022.07.28 23:01:37 情報 io.helidon.webserver.NettyWebServer Thread[nioEventLoopGroup-2-1,10,main]: Channel '@default' started: [id: 0x70f90c62, L:/[0:0:0:0:0:0:0:0]:50005]
2022.07.28 23:01:37 情報 io.helidon.microprofile.server.ServerCdiExtension Thread[main,5,main]: Server started on http://localhost:50005 (and all other host addresses) in 7481 milliseconds (since JVM startup).
2022.07.28 23:01:37 情報 io.helidon.common.HelidonFeatures Thread[features-thread,5,main]: Helidon MP 3.0.0 features: [CDI, Config, Health, JAX-RS, JPA, JTA, Metrics, Server]
]]></system-out>
    <system-err><![CDATA[SLF4J: Failed to load class "org.slf4j.impl.StaticLoggerBinder".
SLF4J: Defaulting to no-operation (NOP) logger implementation
SLF4J: See http://www.slf4j.org/codes.html#StaticLoggerBinder for further details.
]]></system-err>
  </testcase>
  <testcase name="testHealth" classname="com.example.myproject.MainTest" time="0.039"/>
  <testcase name="testMetrics" classname="com.example.myproject.MainTest" time="0.04"/>
  <testcase name="testMicroprofileMetrics" classname="com.example.myproject.MainTest" time="0.031"/>
  <testcase name="testPokemon" classname="com.example.myproject.MainTest" time="0.481">
    <system-out><![CDATA[2022.07.28 23:01:38 INFO com.arjuna.ats.arjuna Thread[helidon-server-8,5,server]: ARJUNA012170: TransactionStatusManager started on port 50009 and host 127.0.0.1 with service com.arjuna.ats.arjuna.recovery.ActionStatusService
]]></system-out>
  </testcase>
  <testcase name="testPokemonTypes" classname="com.example.myproject.MainTest" time="0.026"/>
</testsuite>